<?xml version="1.0" encoding="UTF-8"?>
<!-- Generated by org.testng.reporters.JUnitReportReporter -->
<testsuite hostname="ugps-MacBook.fios-router.home" failures="0" tests="2" name="NewTest" time="0.073" errors="0" timestamp="2020-03-01T21:39:41 EST" skipped="0">
  <testcase classname="NewTest" name="canClickButton" time="0.064"/>
  <testcase classname="NewTest" name="launchChromeDriver" time="0.009"/>
</testsuite> <!-- NewTest -->
