<?xml version="1.0" encoding="UTF-8"?>
<!-- Generated by org.testng.reporters.JUnitReportReporter -->
<testsuite hostname="ugps-MacBook.fios-router.home" failures="0" tests="1" name="NewTest" time="0.442" errors="0" timestamp="2020-03-02T20:56:39 EST" skipped="0">
  <testcase classname="NewTest" name="canLogIn" time="0.442"/>
</testsuite> <!-- NewTest -->
