<?xml version="1.0" encoding="UTF-8"?>
<!-- Generated by org.testng.reporters.JUnitReportReporter -->
<testsuite hostname="ugps-MacBook.fios-router.home" failures="0" tests="1" name="NewTest" time="0.158" errors="0" timestamp="2020-03-03T16:05:40 EST" skipped="0">
  <testcase classname="NewTest" name="canSelectOptionTwo" time="0.158"/>
</testsuite> <!-- NewTest -->
