<?xml version="1.0" encoding="UTF-8"?>
<!-- Generated by org.testng.reporters.JUnitReportReporter -->
<testsuite hostname="ugps-MacBook.fios-router.home" failures="0" tests="2" name="NewTest" time="0.077" errors="0" timestamp="2020-03-01T21:31:39 EST" skipped="0">
  <testcase classname="NewTest" name="canClickButton" time="0.069"/>
  <testcase classname="NewTest" name="launchChromeDriver" time="0.008"/>
</testsuite> <!-- NewTest -->
